<?xml version="1.0" encoding="utf-8"?><testsuites name="pytest tests"><testsuite name="pytest" errors="0" failures="0" skipped="0" tests="11" time="1.154" timestamp="2026-09-14T05:18:00.278716+00:00" hostname="agent-env-b7083ff5-d807-4b43-893b-c9a84d788509"><testcase classname="tests.test_combo_milan.TestAdminVerify" name="test_correct_passcode_returns_true" time="0.246" /><testcase classname="tests.test_combo_milan.TestGroups" name="test_groups_list_ok" time="0.273" /><testcase classname="tests.test_combo_milan.TestAdminVerify" name="test_wrong_passcode_returns_false" time="0.063" /><testcase classname="tests.test_combo_milan.TestGroups" name="test_create_main_group" time="0.118" /><testcase classname="tests.test_combo_milan.TestMeta" name="test_meta_returns_9_categories_and_6_brand_groups" time="0.063" /><testcase classname="tests.test_combo_milan.TestModels" name="test_create_model" time="0.089" /><testcase classname="tests.test_combo_milan.TestGroups" name="test_create_curve_glass_subcategory_group" time="0.062" /><testcase classname="tests.test_combo_milan.TestGroups" name="test_create_group_empty_models_400" time="0.057" /><testcase classname="tests.test_combo_milan.TestSubmissions" name="test_create_and_list_submission" time="0.195" /><testcase classname="tests.test_combo_milan.TestGroups" name="test_confirm_increments_and_persists" time="0.248" /><testcase classname="tests.test_combo_milan.TestGroups" name="test_confirm_unknown_group_404" time="0.060" /></testsuite></testsuites>