<?xml version="1.0" encoding="utf-8"?><testsuites name="pytest tests"><testsuite name="pytest" errors="0" failures="0" skipped="0" tests="25" time="6.247" timestamp="2026-09-14T10:38:33.594007+00:00" hostname="agent-env-b7083ff5-d807-4b43-893b-c9a84d788509"><testcase classname="tests.test_combo_milan.TestMeta" name="test_meta_returns_9_categories_and_6_brand_groups" time="0.304" /><testcase classname="tests.test_combo_milan.TestAdminVerify" name="test_correct_passcode_returns_true" time="0.084" /><testcase classname="tests.test_combo_milan.TestAdminVerify" name="test_wrong_passcode_returns_false" time="0.066" /><testcase classname="tests.test_combo_milan.TestGroups" name="test_groups_list_ok" time="0.118" /><testcase classname="tests.test_combo_milan.TestGroups" name="test_create_main_group" time="0.231" /><testcase classname="tests.test_combo_milan.TestGroups" name="test_create_curve_glass_subcategory_group" time="0.065" /><testcase classname="tests.test_combo_milan.TestGroups" name="test_create_group_empty_models_400" time="0.074" /><testcase classname="tests.test_combo_milan.TestGroups" name="test_confirm_increments_and_persists" time="0.374" /><testcase classname="tests.test_combo_milan.TestGroups" name="test_confirm_unknown_group_404" time="0.098" /><testcase classname="tests.test_combo_milan.TestModels" name="test_create_model" time="0.065" /><testcase classname="tests.test_combo_milan.TestSubmissions" name="test_create_and_list_submission" time="0.152" /><testcase classname="tests.test_security_fixes.TestGroupsAdminAuth" name="test_create_group_no_header_403" time="0.129" /><testcase classname="tests.test_security_fixes.TestGroupsAdminAuth" name="test_create_group_wrong_passcode_403" time="0.064" /><testcase classname="tests.test_security_fixes.TestGroupsAdminAuth" name="test_create_group_empty_passcode_403" time="0.100" /><testcase classname="tests.test_security_fixes.TestGroupsAdminAuth" name="test_create_group_cannot_self_verify_without_auth" time="0.067" /><testcase classname="tests.test_security_fixes.TestGroupsAdminAuth" name="test_create_group_correct_passcode_200" time="0.196" /><testcase classname="tests.test_security_fixes.TestGroupsAdminAuth" name="test_created_group_reported_for_cleanup" time="0.000" /><testcase classname="tests.test_security_fixes.TestModelsAdminAuth" name="test_create_model_no_header_403" time="0.064" /><testcase classname="tests.test_security_fixes.TestModelsAdminAuth" name="test_create_model_wrong_passcode_403" time="0.064" /><testcase classname="tests.test_security_fixes.TestModelsAdminAuth" name="test_create_model_correct_passcode_200" time="0.066" /><testcase classname="tests.test_security_fixes.TestPublicEndpoints" name="test_get_groups_public_200" time="0.119" /><testcase classname="tests.test_security_fixes.TestPublicEndpoints" name="test_get_meta_public_200" time="0.067" /><testcase classname="tests.test_security_fixes.TestPublicEndpoints" name="test_submission_public_200" time="0.069" /><testcase classname="tests.test_security_fixes.TestPublicEndpoints" name="test_confirm_public_works" time="0.185" /><testcase classname="tests.test_security_fixes.TestZZRateLimit" name="test_confirm_rate_limited_after_60_per_min" time="3.365" /></testsuite></testsuites>